[    0.000000] Initializing cgroup subsys cpuset
[    0.000000] Initializing cgroup subsys cpu
[    0.000000] Initializing cgroup subsys cpuacct
[    0.000000] Linux version 4.4.0-210-generic (buildd@lgw01-amd64-009) (gcc version 5.4.0 20160609 (Ubuntu 5.4.0-6ubuntu1~16.04.12) ) #242-Ubuntu SMP Fri Apr 16 09:57:56 UTC 2021 (Ubuntu 4.4.0-210.242-generic 4.4.262)
[    0.000000] Command line: BOOT_IMAGE=/boot/vmlinuz-4.4.0-210-generic root=LABEL=cloudimg-rootfs ro console=tty1 console=ttyS0
[    0.000000] KERNEL supported cpus:
[    0.000000]   Intel GenuineIntel
[    0.000000]   AMD AuthenticAMD
[    0.000000]   Centaur CentaurHauls
[    0.000000] [Firmware Bug]: TSC doesn't count with P0 frequency!
[    0.000000] x86/fpu: xstate_offset[2]:  576, xstate_sizes[2]:  256
[    0.000000] x86/fpu: Supporting XSAVE feature 0x01: 'x87 floating point registers'
[    0.000000] x86/fpu: Supporting XSAVE feature 0x02: 'SSE registers'
[    0.000000] x86/fpu: Supporting XSAVE feature 0x04: 'AVX registers'
[    0.000000] x86/fpu: Enabled xstate features 0x7, context size is 832 bytes, using 'standard' format.
[    0.000000] e820: BIOS-provided physical RAM map:
[    0.000000] BIOS-e820: [mem 0x0000000000000000-0x000000000009fbff] usable
[    0.000000] BIOS-e820: [mem 0x000000000009fc00-0x000000000009ffff] reserved
[    0.000000] BIOS-e820: [mem 0x00000000000f0000-0x00000000000fffff] reserved
[    0.000000] BIOS-e820: [mem 0x0000000000100000-0x000000003ffeffff] usable
[    0.000000] BIOS-e820: [mem 0x000000003fff0000-0x000000003fffffff] ACPI data
[    0.000000] BIOS-e820: [mem 0x00000000fec00000-0x00000000fec00fff] reserved
[    0.000000] BIOS-e820: [mem 0x00000000fee00000-0x00000000fee00fff] reserved
[    0.000000] BIOS-e820: [mem 0x00000000fffc0000-0x00000000ffffffff] reserved
[    0.000000] NX (Execute Disable) protection: active
[    0.000000] SMBIOS 2.5 present.
[    0.000000] Hypervisor detected: KVM
[    0.000000] Kernel/User page tables isolation: disabled
[    0.000000] e820: last_pfn = 0x3fff0 max_arch_pfn = 0x400000000
[    0.000000] MTRR: Disabled
[    0.000000] x86/PAT: MTRRs disabled, skipping PAT initialization too.
[    0.000000] CPU MTRRs all blank - virtualized system.
[    0.000000] x86/PAT: Configuration [0-7]: WB  WT  UC- UC  WB  WT  UC- UC  
[    0.000000] found SMP MP-table at [mem 0x0009fff0-0x0009ffff] mapped at [ffff88000009fff0]
[    0.000000] Scanning 1 areas for low memory corruption
[    0.000000] RAMDISK: [mem 0x362dc000-0x37165fff]
[    0.000000] ACPI: Early table checksum verification disabled
[    0.000000] ACPI: RSDP 0x00000000000E0000 000024 (v02 VBOX  )
[    0.000000] ACPI: XSDT 0x000000003FFF0030 00003C (v01 VBOX   VBOXXSDT 00000001 ASL  00000061)
[    0.000000] ACPI: FACP 0x000000003FFF00F0 0000F4 (v04 VBOX   VBOXFACP 00000001 ASL  00000061)
[    0.000000] ACPI: DSDT 0x000000003FFF0610 002353 (v02 VBOX   VBOXBIOS 00000002 INTL 20220331)
[    0.000000] ACPI: FACS 0x000000003FFF0200 000040
[    0.000000] ACPI: FACS 0x000000003FFF0200 000040
[    0.000000] ACPI: APIC 0x000000003FFF0240 000054 (v02 VBOX   VBOXAPIC 00000001 ASL  00000061)
[    0.000000] ACPI: SSDT 0x000000003FFF02A0 00036C (v01 VBOX   VBOXCPUT 00000002 INTL 20220331)
[    0.000000] No NUMA configuration found
[    0.000000] Faking a node at [mem 0x0000000000000000-0x000000003ffeffff]
[    0.000000] NODE_DATA(0) allocated [mem 0x3ffeb000-0x3ffeffff]
[    0.000000] kvm-clock: Using msrs 4b564d01 and 4b564d00
[    0.000000] kvm-clock: cpu 0, msr 0:3ffe3001, primary cpu clock
[    0.000000] kvm-clock: using sched offset of 2738446953 cycles
[    0.000000] clocksource: kvm-clock: mask: 0xffffffffffffffff max_cycles: 0x1cd42e4dffb, max_idle_ns: 881590591483 ns
[    0.000000] Zone ranges:
[    0.000000]   DMA      [mem 0x0000000000001000-0x0000000000ffffff]
[    0.000000]   DMA32    [mem 0x0000000001000000-0x000000003ffeffff]
[    0.000000]   Normal   empty
[    0.000000]   Device   empty
[    0.000000] Movable zone start for each node
[    0.000000] Early memory node ranges
[    0.000000]   node   0: [mem 0x0000000000001000-0x000000000009efff]
[    0.000000]   node   0: [mem 0x0000000000100000-0x000000003ffeffff]
[    0.000000] Initmem setup node 0 [mem 0x0000000000001000-0x000000003ffeffff]
[    0.000000] ACPI: PM-Timer IO Port: 0x4008
[    0.000000] IOAPIC[0]: apic_id 1, version 32, address 0xfec00000, GSI 0-23
[    0.000000] ACPI: INT_SRC_OVR (bus 0 bus_irq 0 global_irq 2 dfl dfl)
[    0.000000] ACPI: INT_SRC_OVR (bus 0 bus_irq 9 global_irq 9 low level)
[    0.000000] Using ACPI (MADT) for SMP configuration information
[    0.000000] smpboot: Allowing 1 CPUs, 0 hotplug CPUs
[    0.000000] PM: Registered nosave memory: [mem 0x00000000-0x00000fff]
[    0.000000] PM: Registered nosave memory: [mem 0x0009f000-0x0009ffff]
[    0.000000] PM: Registered nosave memory: [mem 0x000a0000-0x000effff]
[    0.000000] PM: Registered nosave memory: [mem 0x000f0000-0x000fffff]
[    0.000000] e820: [mem 0x40000000-0xfebfffff] available for PCI devices
[    0.000000] Booting paravirtualized kernel on KVM
[    0.000000] clocksource: refined-jiffies: mask: 0xffffffff max_cycles: 0xffffffff, max_idle_ns: 7645519600211568 ns
[    0.000000] setup_percpu: NR_CPUS:512 nr_cpumask_bits:512 nr_cpu_ids:1 nr_node_ids:1
[    0.000000] PERCPU: Embedded 33 pages/cpu @ffff88003fc00000 s95192 r8192 d31784 u2097152
[    0.000000] Built 1 zonelists in Node order, mobility grouping on.  Total pages: 257912
[    0.000000] Policy zone: DMA32
[    0.000000] Kernel command line: BOOT_IMAGE=/boot/vmlinuz-4.4.0-210-generic root=LABEL=cloudimg-rootfs ro console=tty1 console=ttyS0
[    0.000000] PID hash table entries: 4096 (order: 3, 32768 bytes)
[    0.000000] Memory: 997924K/1048120K available (8644K kernel code, 1332K rwdata, 4044K rodata, 1492K init, 1164K bss, 50196K reserved, 0K cma-reserved)
[    0.000000] SLUB: HWalign=64, Order=0-3, MinObjects=0, CPUs=1, Nodes=1
[    0.000000] Hierarchical RCU implementation.
[    0.000000] 	Build-time adjustment of leaf fanout to 64.
[    0.000000] 	RCU restricting CPUs from NR_CPUS=512 to nr_cpu_ids=1.
[    0.000000] RCU: Adjusting geometry for rcu_fanout_leaf=64, nr_cpu_ids=1
[    0.000000] NR_IRQS:33024 nr_irqs:256 16
[    0.000000] Console: colour VGA+ 80x25
[    0.000000] console [tty1] enabled
[    0.000000] console [ttyS0] enabled
[    0.000000] tsc: Detected 4200.080 MHz processor
[    0.092427] Calibrating delay loop (skipped) preset value.. 8400.16 BogoMIPS (lpj=16800320)
[    0.093598] pid_max: default: 32768 minimum: 301
[    0.094216] ACPI: Core revision 20150930
[    0.095309] ACPI: 2 ACPI AML tables successfully acquired and loaded
[    0.096133] Security Framework initialized
[    0.096703] Yama: becoming mindful.
[    0.097224] AppArmor: AppArmor initialized
[    0.097815] Dentry cache hash table entries: 131072 (order: 8, 1048576 bytes)
[    0.098727] Inode-cache hash table entries: 65536 (order: 7, 524288 bytes)
[    0.099702] Mount-cache hash table entries: 2048 (order: 2, 16384 bytes)
[    0.100486] Mountpoint-cache hash table entries: 2048 (order: 2, 16384 bytes)
[    0.101355] Initializing cgroup subsys io
[    0.101880] Initializing cgroup subsys memory
[    0.102450] Initializing cgroup subsys devices
[    0.103015] Initializing cgroup subsys freezer
[    0.103704] Initializing cgroup subsys net_cls
[    0.104271] Initializing cgroup subsys perf_event
[    0.104855] Initializing cgroup subsys net_prio
[    0.105429] Initializing cgroup subsys hugetlb
[    0.105988] Initializing cgroup subsys pids
[    0.106585] CPU0: Hyper-Threading is disabled
[    0.107269] mce: CPU supports 0 MCE banks
[    0.107809] Last level iTLB entries: 4KB 512, 2MB 512, 4MB 256
[    0.108478] Last level dTLB entries: 4KB 3072, 2MB 3072, 4MB 1536, 1GB 0
[    0.109219] Spectre V1 : Mitigation: usercopy/swapgs barriers and __user pointer sanitization
[    0.110283] Spectre V2 : Spectre mitigation: LFENCE not serializing, switching to generic retpoline
[    0.111438] Spectre V2 : Mitigation: Full generic retpoline
[    0.112083] Spectre V2 : Spectre v2 / SpectreRSB mitigation: Filling RSB on context switch
[    0.124606] Freeing SMP alternatives memory: 36K
[    0.129029] ftrace: allocating 32380 entries in 127 pages
[    0.167370] smpboot: APIC(0) Converting physical 0 to logical package 0
[    0.168288] smpboot: Max logical packages: 1
[    0.169108] x2apic enabled
[    0.169780] Switched APIC routing to physical x2apic.
[    0.171491] ..TIMER: vector=0x30 apic1=0 pin1=2 apic2=-1 pin2=-1
[    0.280283] smpboot: CPU0: AMD Ryzen 7 7800X3D 8-Core Processor (family: 0x19, model: 0x61, stepping: 0x2)
[    0.281652] Performance Events: Broken PMU hardware detected, using software events only.
[    0.282873] Failed to access perfctr msr (MSR c0010007 is 0)
[    0.288163] KVM setup paravirtual spinlock
[    0.290742] x86: Booted up 1 node, 1 CPUs
[    0.291425] smpboot: Total of 1 processors activated (8400.16 BogoMIPS)
[    0.292624] devtmpfs: initialized
[    0.293829] evm: security.selinux
[    0.294398] evm: security.SMACK64
[    0.294984] evm: security.SMACK64EXEC
[    0.295563] evm: security.SMACK64TRANSMUTE
[    0.296197] evm: security.SMACK64MMAP
[    0.296795] evm: security.ima
[    0.297299] evm: security.capability
[    0.297902] clocksource: jiffies: mask: 0xffffffff max_cycles: 0xffffffff, max_idle_ns: 7645041785100000 ns
[    0.299216] futex hash table entries: 256 (order: 2, 16384 bytes)
[    0.300052] pinctrl core: initialized pinctrl subsystem
[    0.300831] RTC time: 21:29:32, date: 09/26/24
[    0.301531] NET: Registered protocol family 16
[    0.302236] cpuidle: using governor ladder
[    0.302828] cpuidle: using governor menu
[    0.303465] PCCT header not found.
[    0.304177] ACPI: bus type PCI registered
[    0.304764] acpiphp: ACPI Hot Plug PCI Controller Driver version: 0.5
[    0.305624] PCI: Using configuration type 1 for base access
[    0.306368] PCI: Using configuration type 1 for extended access
[    0.307697] ACPI: Added _OSI(Module Device)
[    0.308311] ACPI: Added _OSI(Processor Device)
[    0.308951] ACPI: Added _OSI(3.0 _SCP Extensions)
[    0.309612] ACPI: Added _OSI(Processor Aggregator Device)
[    0.310627] ACPI: Executed 1 blocks of module-level executable AML code
[    0.312293] ACPI: Interpreter enabled
[    0.312859] ACPI: (supports S0 S5)
[    0.313411] ACPI: Using IOAPIC for interrupt routing
[    0.314168] PCI: Using host bridge windows from ACPI; if necessary, use "pci=nocrs" and report a bug
[    0.316778] ACPI: PCI Root Bridge [PCI0] (domain 0000 [bus 00-ff])
[    0.317595] acpi PNP0A03:00: _OSC: OS supports [ExtendedConfig ASPM ClockPM Segments MSI]
[    0.319113] acpi PNP0A03:00: _OSC: platform does not support [PCIeCapability]
[    0.320154] acpi PNP0A03:00: _OSC: not requesting control; platform does not support [PCIeCapability]
[    0.321308] acpi PNP0A03:00: _OSC: OS requested [PCIeHotplug PME AER PCIeCapability]
[    0.322340] acpi PNP0A03:00: _OSC: platform willing to grant [PCIeHotplug PME AER]
[    0.323342] acpi PNP0A03:00: _OSC failed (AE_SUPPORT); disabling ASPM
[    0.324200] PCI host bridge to bus 0000:00
[    0.324757] pci_bus 0000:00: root bus resource [io  0x0000-0x0cf7 window]
[    0.325556] pci_bus 0000:00: root bus resource [io  0x0d00-0xffff window]
[    0.326327] pci_bus 0000:00: root bus resource [mem 0x000a0000-0x000bffff window]
[    0.336805] pci_bus 0000:00: root bus resource [mem 0x40000000-0xfdffffff window]
[    0.337883] pci_bus 0000:00: root bus resource [bus 00-ff]
[    0.339411] pci 0000:00:01.1: legacy IDE quirk: reg 0x10: [io  0x01f0-0x01f7]
[    0.340299] pci 0000:00:01.1: legacy IDE quirk: reg 0x14: [io  0x03f6]
[    0.341118] pci 0000:00:01.1: legacy IDE quirk: reg 0x18: [io  0x0170-0x0177]
[    0.342010] pci 0000:00:01.1: legacy IDE quirk: reg 0x1c: [io  0x0376]
[    0.346242] pci 0000:00:07.0: quirk: [io  0x4000-0x403f] claimed by PIIX4 ACPI
[    0.347331] pci 0000:00:07.0: quirk: [io  0x4100-0x410f] claimed by PIIX4 SMB
[    0.350386] ACPI: PCI Interrupt Link [LNKA] (IRQs 5 9 10 *11)
[    0.351448] ACPI: PCI Interrupt Link [LNKB] (IRQs 5 9 *10 11)
[    0.352537] ACPI: PCI Interrupt Link [LNKC] (IRQs 5 *9 10 11)
[    0.353549] ACPI: PCI Interrupt Link [LNKD] (IRQs 5 9 10 *11)
[    0.354498] ACPI: Enabled 2 GPEs in block 00 to 07
[    0.355262] vgaarb: setting as boot device: PCI:0000:00:02.0
[    0.355938] vgaarb: device added: PCI:0000:00:02.0,decodes=io+mem,owns=io+mem,locks=none
[    0.357039] vgaarb: loaded
[    0.357484] vgaarb: bridge control possible 0000:00:02.0
[    0.358243] SCSI subsystem initialized
[    0.358803] ACPI: bus type USB registered
[    0.359348] usbcore: registered new interface driver usbfs
[    0.360008] usbcore: registered new interface driver hub
[    0.360682] usbcore: registered new device driver usb
[    0.361361] PCI: Using ACPI for IRQ routing
[    0.362036] NetLabel: Initializing
[    0.362547] NetLabel:  domain hash size = 128
[    0.363142] NetLabel:  protocols = UNLABELED CIPSOv4
[    0.363750] NetLabel:  unlabeled traffic allowed by default
[    0.364461] amd_nb: Cannot enumerate AMD northbridges
[    0.365105] clocksource: Switched to clocksource kvm-clock
[    0.368265] AppArmor: AppArmor Filesystem Enabled
[    0.368900] pnp: PnP ACPI init
[    0.369680] pnp: PnP ACPI: found 3 devices
[    0.375142] clocksource: acpi_pm: mask: 0xffffff max_cycles: 0xffffff, max_idle_ns: 2085701024 ns
[    0.376312] NET: Registered protocol family 2
[    0.376936] TCP established hash table entries: 8192 (order: 4, 65536 bytes)
[    0.377726] TCP bind hash table entries: 8192 (order: 5, 131072 bytes)
[    0.378458] TCP: Hash tables configured (established 8192 bind 8192)
[    0.379277] UDP hash table entries: 512 (order: 2, 16384 bytes)
[    0.379962] UDP-Lite hash table entries: 512 (order: 2, 16384 bytes)
[    0.380735] NET: Registered protocol family 1
[    0.381342] pci 0000:00:00.0: Limiting direct PCI/PCI transfers
[    0.382205] pci 0000:00:01.0: Activating ISA DMA hang workarounds
[    0.383156] Unpacking initramfs...
[    0.505593] Freeing initrd memory: 14888K
[    0.506261] clocksource: tsc: mask: 0xffffffffffffffff max_cycles: 0x3c8aad62bd1, max_idle_ns: 440795400956 ns
[    0.507849] platform rtc_cmos: registered platform RTC device (no PNP device found)
[    0.508845] Scanning for low memory corruption every 60 seconds
[    0.509637] audit: initializing netlink subsys (disabled)
[    0.510255] audit: type=2000 audit(1727386176.736:1): initialized
[    0.511076] Initialise system trusted keyring
[    0.511654] HugeTLB registered 2 MB page size, pre-allocated 0 pages
[    0.512823] zbud: loaded
[    0.513379] VFS: Disk quotas dquot_6.6.0
[    0.513902] VFS: Dquot-cache hash table entries: 512 (order 0, 4096 bytes)
[    0.514706] squashfs: version 4.0 (2009/01/31) Phillip Lougher
[    0.515436] fuse init (API version 7.23)
[    0.516045] Key type big_key registered
[    0.516657] Allocating IMA MOK and blacklist keyrings.
[    0.517615] Key type asymmetric registered
[    0.518148] Asymmetric key parser 'x509' registered
[    0.518743] Block layer SCSI generic (bsg) driver version 0.4 loaded (major 249)
[    0.519816] io scheduler noop registered
[    0.520335] io scheduler deadline registered (default)
[    0.520950] io scheduler cfq registered
[    0.521514] pci_hotplug: PCI Hot Plug PCI Core version: 0.5
[    0.522128] pciehp: PCI Express Hot Plug Controller Driver version: 0.4
[    0.522886] ACPI: AC Adapter [AC] (on-line)
[    0.523449] input: Power Button as /devices/LNXSYSTM:00/LNXPWRBN:00/input/input0
[    0.524398] ACPI: Power Button [PWRF]
[    0.524910] input: Sleep Button as /devices/LNXSYSTM:00/LNXSLPBN:00/input/input1
[    0.526022] ACPI: Sleep Button [SLPF]
[    0.526776] GHES: HEST is not enabled!
[    0.527633] Serial: 8250/16550 driver, 32 ports, IRQ sharing enabled
[    0.548692] 00:02: ttyS0 at I/O 0x3f8 (irq = 4, base_baud = 115200) is a 16550A
[    0.550424] Linux agpgart interface v0.103
[    0.551559] loop: module loaded
[    0.552463] scsi host0: ata_piix
[    0.553080] scsi host1: ata_piix
[    0.553624] ata1: PATA max UDMA/33 cmd 0x1f0 ctl 0x3f6 bmdma 0xd000 irq 14
[    0.554521] ata2: PATA max UDMA/33 cmd 0x170 ctl 0x376 bmdma 0xd008 irq 15
[    0.555596] libphy: Fixed MDIO Bus: probed
[    0.556244] tun: Universal TUN/TAP device driver, 1.6
[    0.556988] tun: (C) 1999-2004 Max Krasnyansky <maxk@qualcomm.com>
[    0.557965] PPP generic driver version 2.4.2
[    0.558617] ehci_hcd: USB 2.0 'Enhanced' Host Controller (EHCI) Driver
[    0.559589] ehci-pci: EHCI PCI platform driver
[    0.560181] ehci-platform: EHCI generic platform driver
[    0.560826] ohci_hcd: USB 1.1 'Open' Host Controller (OHCI) Driver
[    0.561557] ohci-pci: OHCI PCI platform driver
[    0.562141] ohci-platform: OHCI generic platform driver
[    0.562771] uhci_hcd: USB Universal Host Controller Interface driver
[    0.563525] i8042: PNP: PS/2 Controller [PNP0303:PS2K,PNP0f03:PS2M] at 0x60,0x64 irq 1,12
[    0.565003] serio: i8042 KBD port at 0x60,0x64 irq 1
[    0.565665] serio: i8042 AUX port at 0x60,0x64 irq 12
[    0.566342] mousedev: PS/2 mouse device common for all mice
[    0.567163] input: AT Translated Set 2 keyboard as /devices/platform/i8042/serio0/input/input2
[    0.568516] rtc_cmos rtc_cmos: rtc core: registered rtc_cmos as rtc0
[    0.569449] rtc_cmos rtc_cmos: alarms up to one day, 114 bytes nvram
[    0.570336] i2c /dev entries driver
[    0.570940] device-mapper: uevent: version 1.0.3
[    0.571668] device-mapper: ioctl: 4.34.0-ioctl (2015-10-28) initialised: dm-devel@redhat.com
[    0.572954] ledtrig-cpu: registered to indicate activity on CPUs
[    0.573906] NET: Registered protocol family 10
[    0.574552] NET: Registered protocol family 17
[    0.575124] Key type dns_resolver registered
[    0.575780] registered taskstats version 1
[    0.576334] Loading compiled-in X.509 certificates
[    0.577222] Loaded X.509 cert 'Build time autogenerated kernel key: cf00e047681d67edb2720680708b7d9498083038'
[    0.578419] zswap: loaded using pool lzo/zbud
[    0.579751] Key type trusted registered
[    0.581415] Key type encrypted registered
[    0.581999] AppArmor: AppArmor sha1 policy hashing enabled
[    0.583307] ima: No TPM chip found, activating TPM-bypass!
[    0.584068] ima: Allocated hash algorithm: sha1
[    0.584749] evm: HMAC attrs: 0x1
[    0.585501]   Magic number: 8:129:501
[    0.586163] rtc_cmos rtc_cmos: setting system clock to 2024-09-26 21:29:32 UTC (1727386172)
[    0.587402] BIOS EDD facility v0.16 2004-Jun-25, 0 devices found
[    0.588205] EDD information not available.
[    0.731455] Freeing unused kernel memory: 1492K
[    0.732241] Write protecting the kernel read-only data: 14336k
[    0.733311] Freeing unused kernel memory: 1584K
[    0.734031] Freeing unused kernel memory: 52K
Loading, please wait...
starting version 229
[    0.739688] random: udevadm: uninitialized urandom read (16 bytes read, 3 bits of entropy available)
[    0.740998] random: udevadm: uninitialized urandom read (16 bytes read, 3 bits of entropy available)
[    0.742382] random: systemd-udevd: uninitialized urandom read (16 bytes read, 3 bits of entropy available)
[    0.743578] random: systemd-udevd: uninitialized urandom read (16 bytes read, 3 bits of entropy available)
[    0.744761] random: systemd-udevd: uninitialized urandom read (16 bytes read, 3 bits of entropy available)
[    0.746000] random: systemd-udevd: uninitialized urandom read (16 bytes read, 3 bits of entropy available)
[    0.750274] random: systemd-udevd: uninitialized urandom read (16 bytes read, 3 bits of entropy available)
[    0.751556] random: systemd-udevd: uninitialized urandom read (16 bytes read, 3 bits of entropy available)
[    0.752840] random: systemd-udevd: uninitialized urandom read (16 bytes read, 3 bits of entropy available)
[    0.755065] random: systemd-udevd: uninitialized urandom read (16 bytes read, 3 bits of entropy available)
[    0.778145] e1000: Intel(R) PRO/1000 Network Driver - version 7.3.21-k8-NAPI
[    0.778974] e1000: Copyright (c) 1999-2006 Intel Corporation.
[    0.782466] Fusion MPT base driver 3.04.20
[    0.783062] Copyright (c) 1999-2008 LSI Corporation
[    0.788029] Fusion MPT SPI Host driver 3.04.20
[    0.798505] AVX2 version of gcm_enc/dec engaged.
[    0.799118] AES CTR mode by8 optimization enabled
[    0.992748] input: ImExPS/2 Generic Explorer Mouse as /devices/platform/i8042/serio1/input/input4
[    1.108585] e1000 0000:00:03.0 eth0: (PCI:33MHz:32-bit) 02:be:82:6b:cc:1d
[    1.109406] e1000 0000:00:03.0 eth0: Intel(R) PRO/1000 Network Connection
[    1.110417] mptbase: ioc0: Initiating bringup
[    1.181339] ioc0: LSI53C1030 A0: Capabilities={Initiator}
[    1.342050] scsi host2: ioc0: LSI53C1030 A0, FwRev=00000000h, Ports=1, MaxQ=256, IRQ=20
[    1.453783] scsi 2:0:0:0: Direct-Access     VBOX     HARDDISK         1.0  PQ: 0 ANSI: 5
[    1.454995] scsi target2:0:0: Beginning Domain Validation
[    1.456284] scsi target2:0:0: Domain Validation skipping write tests
[    1.457001] scsi target2:0:0: Ending Domain Validation
[    1.457681] scsi target2:0:0: asynchronous
[    1.458382] scsi 2:0:1:0: Direct-Access     VBOX     HARDDISK         1.0  PQ: 0 ANSI: 5
[    1.469803] scsi target2:0:1: Beginning Domain Validation
[    1.470983] scsi target2:0:1: Domain Validation skipping write tests
[    1.471709] scsi target2:0:1: Ending Domain Validation
[    1.472360] scsi target2:0:1: asynchronous
[    1.474484] sd 2:0:0:0: Attached scsi generic sg0 type 0
[    1.475163] sd 2:0:0:0: [sda] 83886080 512-byte logical blocks: (42.9 GB/40.0 GiB)
[    1.476440] sd 2:0:1:0: [sdb] 20480 512-byte logical blocks: (10.5 MB/10.0 MiB)
[    1.477458] sd 2:0:1:0: Attached scsi generic sg1 type 0
[    1.478202] sd 2:0:0:0: [sda] Write Protect is off
[    1.478814] sd 2:0:1:0: [sdb] Write Protect is off
[    1.479460] sd 2:0:0:0: [sda] Incomplete mode parameter data
[    1.480146] sd 2:0:0:0: [sda] Assuming drive cache: write through
[    1.480843] sd 2:0:1:0: [sdb] Incomplete mode parameter data
[    1.481544] sd 2:0:1:0: [sdb] Assuming drive cache: write through
[    1.490400]  sda: sda1
[    1.491173] sd 2:0:0:0: [sda] Attached SCSI disk
[    1.491797] sd 2:0:1:0: [sdb] Attached SCSI disk
[    1.788712] e1000 0000:00:08.0 eth1: (PCI:33MHz:32-bit) 08:00:27:1c:00:07
[    1.789659] e1000 0000:00:08.0 eth1: Intel(R) PRO/1000 Network Connection
[    1.791042] e1000 0000:00:08.0 enp0s8: renamed from eth1
[    1.792386] e1000 0000:00:03.0 enp0s3: renamed from eth0
Begin: Loading essential drivers ... [    3.077691] md: linear personality registered for level -1
[    3.079408] md: multipath personality registered for level -4
[    3.081096] md: raid0 personality registered for level 0
[    3.083158] md: raid1 personality registered for level 1
[    3.153145] raid6: sse2x1   gen()  8185 MB/s
[    3.221133] raid6: sse2x1   xor() 11206 MB/s
[    3.289127] raid6: sse2x2   gen() 16382 MB/s
[    3.357124] raid6: sse2x2   xor() 13278 MB/s
[    3.425114] raid6: sse2x4   gen() 21791 MB/s
[    3.493167] raid6: sse2x4   xor()  9912 MB/s
[    3.561163] raid6: avx2x1   gen() 19680 MB/s
[    3.629154] raid6: avx2x2   gen() 35618 MB/s
[    3.697137] raid6: avx2x4   gen() 36399 MB/s
[    3.697730] raid6: using algorithm avx2x4 gen() 36399 MB/s
[    3.698400] raid6: using avx2x2 recovery algorithm
[    3.699988] xor: automatically using best checksumming function:
[    3.737169]    avx       : 19343.000 MB/sec
[    3.738573] async_tx: api initialized (async)
[    3.744573] md: raid6 personality registered for level 6
[    3.745250] md: raid5 personality registered for level 5
[    3.745927] md: raid4 personality registered for level 4
[    3.749758] md: raid10 personality registered for level 10
done.
Begin: Running /scripts/init-premount ... done.
Begin: Mounting root file system ... Begin: Running /scripts/local-top ... done.
Begin: Running /scripts/local-premount ... [    3.767566] Btrfs loaded
Scanning for Btrfs filesystems
done.
Warning: fsck not present, so skipping root file system
[    3.777108] EXT4-fs (sda1): mounted filesystem with ordered data mode. Opts: (null)
done.
Begin: Running /scripts/local-bottom ... done.
Begin: Running /scripts/init-bottom ... done.
[    3.806791] systemd[1]: systemd 229 running in system mode. (+PAM +AUDIT +SELINUX +IMA +APPARMOR +SMACK +SYSVINIT +UTMP +LIBCRYPTSETUP +GCRYPT +GNUTLS +ACL +XZ -LZ4 +SECCOMP +BLKID +ELFUTILS +KMOD -IDN)
[    3.808786] systemd[1]: Detected virtualization oracle.
[    3.809535] systemd[1]: Detected architecture x86-64.

Welcome to [1mUbuntu 16.04.7 LTS[0m!

[    3.810909] systemd[1]: Set hostname to <ubuntu>.
[    3.812014] systemd[1]: Initializing machine ID from random generator.
[    3.812772] systemd[1]: Installed transient /etc/machine-id file.
[    3.849836] systemd[1]: Started Forward Password Requests to Wall Directory Watch.
[[0;32m  OK  [0m] Started Forward Password Requests to Wall Directory Watch.
[    3.851438] systemd[1]: Set up automount Arbitrary Executable File Formats File System Automount Point.
[[0;32m  OK  [0m] Set up automount Arbitrary Executab...ats File System Automount Point.
[    3.853045] systemd[1]: Listening on LVM2 poll daemon socket.
[[0;32m  OK  [0m] Listening on LVM2 poll daemon socket.
[    3.854214] systemd[1]: Listening on udev Kernel Socket.
[[0;32m  OK  [0m] Listening on udev Kernel Socket.
[    3.855429] systemd[1]: Reached target User and Group Name Lookups.
[[0;32m  OK  [0m] Reached target User and Group Name Lookups.
[    3.858603] systemd[1]: Created slice User and Session Slice.
[[0;32m  OK  [0m] Created slice User and Session Slice.
[    3.859693] systemd[1]: Listening on udev Control Socket.
[[0;32m  OK  [0m] Listening on udev Control Socket.
[    3.860816] systemd[1]: Reached target Encrypted Volumes.
[[0;32m  OK  [0m] Reached target Encrypted Volumes.
[    3.861948] systemd[1]: Listening on fsck to fsckd communication Socket.
[[0;32m  OK  [0m] Listening on fsck to fsckd communication Socket.
[    3.863289] systemd[1]: Reached target Swap.
[[0;32m  OK  [0m] Reached target Swap.
[    3.864538] systemd[1]: Created slice System Slice.
[[0;32m  OK  [0m] Created slice System Slice.
[    3.865689] systemd[1]: Reached target Slices.
[[0;32m  OK  [0m] Reached target Slices.
[    3.866696] systemd[1]: Created slice system-serial\x2dgetty.slice.
[[0;32m  OK  [0m] Created slice system-serial\x2dgetty.slice.
[    3.867955] systemd[1]: Listening on Journal Audit Socket.
[[0;32m  OK  [0m] Listening on Journal Audit Socket.
[    3.869058] systemd[1]: Listening on Syslog Socket.
[[0;32m  OK  [0m] Listening on Syslog Socket.
[    3.870129] systemd[1]: Started Trigger resolvconf update for networkd DNS.
[[0;32m  OK  [0m] Started Trigger resolvconf update for networkd DNS.
[    3.871415] systemd[1]: Listening on LVM2 metadata daemon socket.
[[0;32m  OK  [0m] Listening on LVM2 metadata daemon socket.
[    3.872633] systemd[1]: Listening on Journal Socket (/dev/log).
[[0;32m  OK  [0m] Listening on Journal Socket (/dev/log).
[    3.873784] systemd[1]: Listening on Journal Socket.
[[0;32m  OK  [0m] Listening on Journal Socket.
[    3.875032] systemd[1]: Mounting Huge Pages File System...
         Mounting Huge Pages File System...
[    3.876240] systemd[1]: Starting Journal Service...
         Starting Journal Service...
[    3.877338] systemd[1]: Starting Nameserver information manager...
         Starting Nameserver information manager...
[    3.879872] systemd[1]: Starting Create list of required static device nodes for the current kernel...
         Starting Create list of required st... nodes for the current kernel...
[    3.887443] systemd[1]: Starting Load Kernel Modules...
         Starting Load Kernel Modules...
[    3.888537] systemd[1]: Starting Set console keymap...
         Starting Set console keymap...
[    3.892659] Loading iSCSI transport class v2.0-870.
[    3.893684] systemd[1]: Mounting POSIX Message Queue File System...
         Mounting POSIX Message Queue File System...
[    3.896260] systemd[1]: Starting Uncomplicated firewall...
         Starting Uncomplicated firewall...
[    3.900121] systemd[1]: Starting File System Check on Root Device...
         Starting File System Check on Root Device...
[    3.901719] systemd[1]: Listening on Device-mapper event daemon FIFOs.
[[0;32m  OK  [0m] Listening on Device-mapper event daemon FIFOs.
[    3.903391] systemd[1]: Starting Monitoring of LVM2 mirrors, snapshots etc. using dmeventd or progress polling...
         Starting Monitoring of LVM2 mirrors... dmeventd or progress polling...
[    3.907894] systemd[1]: Reached target System Time Synchronized.
[[0;32m  OK  [0m] Reached target System Time Synchronized.
[    3.910189] systemd[1]: Listening on /dev/initctl Compatibility Named Pipe.
[[0;32m  OK  [0m] Listening on /dev/initctl Compatibility Named Pipe.
[    3.913356] systemd[1]: Mounting Debug File System...
         Mounting Debug File System...
[    3.914904] systemd[1]: Mounted Huge Pages File System.
[[0;32m  OK  [0m] Mounted Huge Pages File System.
[    3.915880] systemd[1]: Mounted POSIX Message Queue File System.
[[0;32m  OK  [0m] Mounted POSIX Message Queue File System.
[    3.916924] systemd[1]: Started Journal Service.
[[0;32m  OK  [0m] Started Journal Service.
[[0;32m  OK  [0m] Started Create list of required sta...ce nodes for the current kernel.
[[0;32m  OK  [0m] Started Uncomplicated firewall.
[    3.924963] iscsi: registered transport (tcp)
[[0;32m  OK  [0m] Started File System Check on Root Device.
[[0;32m  OK  [0m] Mounted Debug File System.
[[0;32m  OK  [0m] Started Nameserver information manager.
[[0;32m  OK  [0m] Started File System Check Daemon to report status.
[[0;32m  OK  [0m] Started LVM2 metadata daemon.
         Starting Remount Root and Kernel File Systems...
         Starting Create Static Device Nodes in /dev...
[    3.941400] EXT4-fs (sda1): re-mounted. Opts: (null)
[[0;32m  OK  [0m] Started Remount Root and Kernel File Systems.
[[0;32m  OK  [0m] Started Create Static Device Nodes in /dev.
         Starting udev Kernel Device Manager...
         Starting Flush Journal to Persistent Storage...
         Starting udev Coldplug all Devices...
         Starting Load/Save Random Seed...
[[0;32m  OK  [0m] Started Load/Save Random Seed.
[    3.958590] systemd-journald[368]: Received request to flush runtime journal from PID 1
[[0;32m  OK  [0m] Started Flush Journal to Persistent Storage.
[[0;32m  OK  [0m] Started udev Kernel Device Manager.
[    3.985898] iscsi: registered transport (iser)
[[0;32m  OK  [0m] Started Load Kernel Modules.
         Starting Apply Kernel Variables...
         Mounting FUSE Control File System...
[[0;32m  OK  [0m] Mounted FUSE Control File System.
[[0;32m  OK  [0m] Started Apply Kernel Variables.
[[0;32m  OK  [0m] Started udev Coldplug all Devices.
[[0;32m  OK  [0m] Started Monitoring of LVM2 mirrors,...ng dmeventd or progress polling.
[[0;32m  OK  [0m] Started Set console keymap.
[[0;32m  OK  [0m] Reached target Local File Systems (Pre).
[[0;32m  OK  [0m] Reached target Local File Systems.
         Starting Create Volatile Files and Directories...
         Starting Set console font and keymap...
         Starting LSB: AppArmor initialization...
         Starting Commit a transient machine-id on disk...
         Starting Initial cloud-init job (pre-networking)...
         Starting Tell Plymouth To Write Out Runtime Data...
[[0;32m  OK  [0m] Started Dispatch Password Requests to Console Directory Watch.
[[0;32m  OK  [0m] Started Commit a transient machine-id on disk.
[[0;32m  OK  [0m] Started Create Volatile Files and Directories.
         Starting Update UTMP about System Boot/Shutdown...
[[0;32m  OK  [0m] Started Update UTMP about System Boot/Shutdown.
[[0;32m  OK  [0m] Started Tell Plymouth To Write Out Runtime Data.
[[0;32m  OK  [0m] Found device /dev/ttyS0.
[[0;32m  OK  [0m] Listening on Load/Save RF Kill Switch Status /dev/rfkill Watch.
[    4.728258] cloud-init[492]: Cloud-init v. 21.1-19-gbad84ad4-0ubuntu1~16.04.2 running 'init-local' at Thu, 26 Sep 2024 21:29:36 +0000. Up 4.48 seconds.
[[0;32m  OK  [0m] Started Initial cloud-init job (pre-networking).
[[0;32m  OK  [0m] Started LSB: AppArmor initialization.
         Starting Load AppArmor profiles managed internally by snapd...
[[0;32m  OK  [0m] Reached target Network (Pre).
         Starting Raise network interfaces...
[[0;32m  OK  [0m] Started Load AppArmor profiles managed internally by snapd.
[[0;32m  OK  [0m] Started Set console font and keymap.
[[0;32m  OK  [0m] Created slice system-getty.slice.
[[0;32m  OK  [0m] Started Raise network interfaces.
         Starting Initial cloud-init job (metadata service crawler)...
[[0;32m  OK  [0m] Reached target Network.
[    5.880119] cloud-init[966]: Cloud-init v. 21.1-19-gbad84ad4-0ubuntu1~16.04.2 running 'init' at Thu, 26 Sep 2024 21:29:37 +0000. Up 5.65 seconds.
[    5.880684] cloud-init[966]: ci-info: ++++++++++++++++++++++++++++++++++++++Net device info+++++++++++++++++++++++++++++++++++++++
[    5.881318] cloud-init[966]: ci-info: +--------+-------+----------------------------+---------------+--------+-------------------+
[    5.881943] cloud-init[966]: ci-info: | Device |   Up  |          Address           |      Mask     | Scope  |     Hw-Address    |
[    5.882512] cloud-init[966]: ci-info: +--------+-------+----------------------------+---------------+--------+-------------------+
[    5.883163] cloud-init[966]: ci-info: | enp0s3 |  True |         10.0.2.15          | 255.255.255.0 | global | 02:be:82:6b:cc:1d |
[    5.888084] cloud-init[966]: ci-info: | enp0s3 |  True | fe80::be:82ff:fe6b:cc1d/64 |       .       |  link  | 02:be:82:6b:cc:1d |
[    5.888653] cloud-init[966]: ci-info: | enp0s8 | False |             .              |       .       |   .    | 08:00:27:1c:00:07 |
[    5.889232] cloud-init[966]: ci-info: |   lo   |  True |         127.0.0.1          |   255.0.0.0   |  host  |         .         |
[    5.889814] cloud-init[966]: ci-info: |   lo   |  True |          ::1/128           |       .       |  host  |         .         |
[    5.890431] cloud-init[966]: ci-info: +--------+-------+----------------------------+---------------+--------+-------------------+
[    5.891030] cloud-init[966]: ci-info: +++++++++++++++++++++++++++Route IPv4 info++++++++++++++++++++++++++++
[    5.891560] cloud-init[966]: ci-info: +-------+-------------+----------+---------------+-----------+-------+
[    5.896149] cloud-init[966]: ci-info: | Route | Destination | Gateway  |    Genmask    | Interface | Flags |
[    5.896652] cloud-init[966]: ci-info: +-------+-------------+----------+---------------+-----------+-------+
[    5.897168] cloud-init[966]: ci-info: |   0   |   0.0.0.0   | 10.0.2.2 |    0.0.0.0    |   enp0s3  |   UG  |
[    5.897660] cloud-init[966]: ci-info: |   1   |   10.0.2.0  | 0.0.0.0  | 255.255.255.0 |   enp0s3  |   U   |
[    5.898178] cloud-init[966]: ci-info: +-------+-------------+----------+---------------+-----------+-------+
[    5.898693] cloud-init[966]: ci-info: +++++++++++++++++++Route IPv6 info+++++++++++++++++++
[    5.899197] cloud-init[966]: ci-info: +-------+-------------+---------+-----------+-------+
[    5.899669] cloud-init[966]: ci-info: | Route | Destination | Gateway | Interface | Flags |
[    5.900128] cloud-init[966]: ci-info: +-------+-------------+---------+-----------+-------+
[    5.904134] cloud-init[966]: ci-info: |   0   |  fe80::/64  |    ::   |   enp0s3  |   U   |
[    5.904639] cloud-init[966]: ci-info: |   3   |   ff00::/8  |    ::   |   enp0s3  |   U   |
[    5.905157] cloud-init[966]: ci-info: +-------+-------------+---------+-----------+-------+
[    5.905618] cloud-init[966]: Generating public/private rsa key pair.
[    5.906038] cloud-init[966]: Your identification has been saved in /etc/ssh/ssh_host_rsa_key.
[    5.906496] cloud-init[966]: Your public key has been saved in /etc/ssh/ssh_host_rsa_key.pub.
[    5.906976] cloud-init[966]: The key fingerprint is:
[    5.908092] cloud-init[966]: SHA256:QuSoDFi695n6jpuW7LDao+zegyCIAgQWRaQwpr6nuW8 root@ubuntu-xenial
[    5.912163] cloud-init[966]: The key's randomart image is:
[    5.912565] cloud-init[966]: +---[RSA 2048]----+
[    5.912961] cloud-init[966]: |=+*+  .          |
[    5.913413] cloud-init[966]: |*=.  +           |
[    5.913838] cloud-init[966]: |*.  . o          |
[    5.914277] cloud-init[966]: |o+ . .           |
[    5.914648] cloud-init[966]: |=.+   . S        |
[    5.915027] cloud-init[966]: |*... o .         |
[    5.915422] cloud-init[966]: |=o.o+            |
[    5.915829] cloud-init[966]: |.=XE             |
[    5.918324] cloud-init[966]: |B@@B+            |
[    5.918696] cloud-init[966]: +----[SHA256]-----+
[    5.919065] cloud-init[966]: Generating public/private dsa key pair.
[    5.919585] cloud-init[966]: Your identification has been saved in /etc/ssh/ssh_host_dsa_key.
[    5.920086] cloud-init[966]: Your public key has been saved in /etc/ssh/ssh_host_dsa_key.pub.
[[0;32m  OK  [0m] Started Initial cloud-init job (metadata service crawler).
[[0;32m  OK  [0m] Reached target Cloud-config availability.
[[0;32m  OK  [0m] Reached target Network is Online.
         Starting iSCSI initiator daemon (iscsid)...
[[0;32m  OK  [0m] Reached target System Initialization.
         Starting Socket activation for snappy daemon.
[    5.923922] cloud-init[966]: The key fingerprint is:
[    5.925169] cloud-init[966]: SHA256:3RT/Lg5kyF48OsOKZF8JwV388mQxzUcqbwX+1MqY2Mo root@ubuntu-xenial
[[0;32m  OK  [0m] Started ACPI Events Check.
[[0;32m  OK  [0m] Reached target Paths.
[[0;32m  OK  [0m] Started Daily apt download activities.
[[0;32m  OK  [0m] Started Daily Cleanup of Temporary Directories.
[[0;32m  OK  [0m] Started Ubuntu Advantage update messaging.
[    5.927995] cloud-init[966]: The key's randomart image is:
[[0;32m  OK  [0m] Listening on D-Bus System Message Bus Socket.
[[0;32m  OK  [0m] Started Daily apt upgrade and clean activities.
[    5.930182] cloud-init[966]: +---[DSA 1024]----+
[    5.930573] cloud-init[966]: |           .o .+.|
         Starting LXD - unix socket.
[[0;32m  OK  [0m] Started Message of the Day.
[    5.931857] cloud-init[[0;32m  OK  [0m] Reached target Timers.
[[0;32m  OK  [0m] Listening on ACPID Listen Socket.
[[0;32m  OK  [0m] Listening on UUID daemon activation socket.
[966]: |       . . ..+oo=|
[    5.933188] cloud-init[966]: |        o . o.+o=|
[    5.933558] cloud-init[966]: |         + B.*+* |
[[0;32m  OK  [0m] Listening on Socket activation for snappy daemon.
[[0;32m  OK  [0m] Listening on LXD - unix socket.
[    5.934779] cloud-init[966]: |        S = @== o|
[[0;32m  OK  [0m] Started iSCSI initiator daemon (iscsid).
[    5.941288] cloud-init[966]: |         = B o.. |
[    5.942507] cloud-init[966]: |      o   E . . .|
         Starting Login to default iSCSI targets...
[[0;32m  OK  [0m] Reached target Sockets.
[    5.943553] cloud-init[966]: |     o o o o o . |
[[0;32m  OK  [0m] Reached target Basic System.
[    5.944262] cloud-init[966]: |      . o     .  |
[[0;32m  OK  [0m] Started FUSE filesystem for LXC.
[    5.945207] cloud-init[966]: +----[SHA256]-----+
         Starting Accounts Service...
[    5.946258] cloud-init[966]: Generating public/private ecdsa key pair.
[[0;32m  OK  [0m] Started Deferred execution scheduler.
[    5.947374] cloud-init[966]: Your identification has been saved in /etc/ssh/ssh_host_ecdsa_key.
[    5.948221] cloud-init[966]: Your public key has been saved in /etc/ssh/ssh_host_ecdsa_key.pub.
         Starting LSB: MD monitoring daemon...
[    5.950581] cloud-init[966]: The key fingerprint is:
         Starting Login Service...
[    5.961922] cloud-init[966]: SHA256:uxCM2bze407AMHrwALNLQ+Ol7oF4koZoCdPz9h06oHY root@ubuntu-xenial
         Starting /etc/rc.local Compatibility...
         Starting LXD - container startup/shutdown...
[    5.963953] cloud-init[966]: The key's randomart image is:
         Starting System Logging Service...
[    5.964886] cloud-init[966]: +---[ECDSA 256]---+
[    5.965255] cloud-init[966]: |oo .             |
[    5.966143] cloud-init[966]: |o=+              |
[[0;32m  OK  [0m] Started Regular background program processing daemon.
         Starting Virtualbox guest utils...[    5.967264] cloud-init[966]: |+== o            |
[    5.968735] cloud-init[966]: |O+oB X           |

         Starting Pollinate to seed the pseudo random number generator...
[[0;32m  OK  [0m] Started D-Bus System Message Bus.
[    5.982703] cloud-init[966]: |O*o O B S        |
         Starting LSB: Record successful boot for GRUB...
[    5.995908] cloud-init[966]: |+o.+ o * o       |
[[0;32m  OK  [0m] Started ACPI event daemon.
         Starting Snap Daemon...
[[0;32m  OK  [0m] Started System Logging Service.
[[0;32m  OK  [0m] Started /etc/rc.local Compatibility.
[    5.997437] cloud-init[966]: | .o E * +        |
[    6.002577] cloud-init[966]: | . . . =..       |
[    6.003737] cloud-init[966]: |      .o=.       |
         Starting Authenticate and Authorize Users to Run Privileged Tasks...
[[0;32m  OK  [0m] Started Login to default iSCSI targets.
[[0;32m  OK  [0m] Reached target Remote File Systems (Pre).
[[0;32m  OK  [0m] Reached target Remote File Systems.
         Starting LSB: automatic crash report generation...
         Starting LSB: daemon to balance interrupts for SMP systems...
         Starting Permit User Sessions...
         Starting LSB: Set the CPU Frequency Scaling governor to "ondemand"...
[[0;32m  OK  [0m] Started Permit User Sessions.
         Starting Hold until boot process finishes up...
         Starting Terminate Plymouth Boot Screen...
[[0;32m  OK  [0m] Started Hold until boot process finishes up.
         Starting Set console scheme...
[[0;32m  OK  [0m] Started Getty on tty1.
[[0;32m  OK  [0m] Started Serial Getty on ttyS0.
[[0;32m  OK  [0m] Reached target Login Prompts.
[[0;32m  OK  [0m] Started LSB: Record successful boot for GRUB.
[[0;32m  OK  [0m] Started Terminate Plymouth Boot Screen.
[[0;32m  OK  [0m] Started Set console scheme.
[[0;32m  OK  [0m] Started Login Service.
[[0;32m  OK  [0m] Started Unattended Upgrades Shutdown.
[[0;32m  OK  [0m] Started LSB: MD monitoring daemon.
[[0;32m  OK  [0m] Started LSB: Set the CPU Frequency Scaling governor to "ondemand".
[[0;32m  OK  [0m] Started LSB: daemon to balance interrupts for SMP systems.
[[0;32m  OK  [0m] Started Authenticate and Authorize Users to Run Privileged Tasks.
[    6.072637] cloud-init[966]: +----[SHA256]-----+
[[0;32m  OK  [0m] Started LSB: automatic crash report generation.
[[0;32m  OK  [0m] Started LXD - container startup/shutdown.
[[0;32m  OK  [0m] Started Accounts Service.
[    6.083711] cloud-init[966]: Generating public/private ed25519 key pair.
[    6.090260] cloud-init[966]: Your identification has been saved in /etc/ssh/ssh_host_ed25519_key.
[    6.091260] cloud-init[966]: Your public key has been saved in /etc/ssh/ssh_host_ed25519_key.pub.
[    6.093056] cloud-init[966]: The key fingerprint is:
[    6.093739] cloud-init[966]: SHA256:IkvoWRghtj6B5RDsmeRNe0uZ0rRf8MP6v9yP/HBWBpY root@ubuntu-xenial
[    6.095175] cloud-init[966]: The key's randomart image is:
[    6.096987] cloud-init[966]: +--[ED25519 256]--+
[    6.098203] cloud-init[966]: |=oo              |
[    6.100039] cloud-init[966]: |oB.o . .       . |
[    6.105891] cloud-init[966]: |=oB + + +     E  |
[    6.108000] cloud-init[966]: |.=.B B   =   . . |
[    6.108880] cloud-init[966]: | oo B + S .     o|
[    6.111941] cloud-init[966]: | ..+ + +       ..|
[    6.113110] cloud-init[966]: |  o .   .    . o |
[    6.115989] cloud-init[966]: |         .. o =  |
[    6.119164] cloud-init[966]: |          .+.+oo |
[    6.119616] cloud-init[[0;32m  OK  [0m] Started Virtualbox guest utils.
[966]: +----[SHA256]-----+
[[0;32m  OK  [0m] Started Snap Daemon.
         Starting Wait until snapd is fully seeded...
[[0;32m  OK  [0m] Started Pollinate to seed the pseudo random number generator.
         Starting OpenBSD Secure Shell server...
[[0;32m  OK  [0m] Started OpenBSD Secure Shell server.
[[0;32m  OK  [0m] Started Wait until snapd is fully seeded.
         Starting Apply the settings specified in cloud-config...
[[0;32m  OK  [0m] Reached target Multi-User System.
[[0;32m  OK  [0m] Reached target Graphical Interface.
         Starting Update UTMP about System Runlevel Changes...
[[0;32m  OK  [0m] Started Update UTMP about System Runlevel Changes.
[    9.343510] cloud-init[1315]: Generating locales (this might take a while)...
[    9.609860] cloud-init[1315]:   en_US.UTF-8... done
[    9.610654] cloud-init[1315]: Generation complete.
[    9.714632] cloud-init[1315]: Cloud-init v. 21.1-19-gbad84ad4-0ubuntu1~16.04.2 running 'modules:config' at Thu, 26 Sep 2024 21:29:41 +0000. Up 9.30 seconds.
[[0;32m  OK  [0m] Started Apply the settings specified in cloud-config.
         Starting Execute cloud user/final scripts...
ci-info: no authorized SSH keys fingerprints found for user ubuntu.
<14>Sep 26 21:29:41 ec2: 
<14>Sep 26 21:29:41 ec2: #############################################################
<14>Sep 26 21:29:41 ec2: -----BEGIN SSH HOST KEY FINGERPRINTS-----
<14>Sep 26 21:29:41 ec2: 1024 SHA256:3RT/Lg5kyF48OsOKZF8JwV388mQxzUcqbwX+1MqY2Mo root@ubuntu-xenial (DSA)
<14>Sep 26 21:29:41 ec2: 256 SHA256:uxCM2bze407AMHrwALNLQ+Ol7oF4koZoCdPz9h06oHY root@ubuntu-xenial (ECDSA)
<14>Sep 26 21:29:41 ec2: 256 SHA256:IkvoWRghtj6B5RDsmeRNe0uZ0rRf8MP6v9yP/HBWBpY root@ubuntu-xenial (ED25519)
<14>Sep 26 21:29:41 ec2: 2048 SHA256:QuSoDFi695n6jpuW7LDao+zegyCIAgQWRaQwpr6nuW8 root@ubuntu-xenial (RSA)
<14>Sep 26 21:29:41 ec2: -----END SSH HOST KEY FINGERPRINTS-----
<14>Sep 26 21:29:41 ec2: #############################################################
-----BEGIN SSH HOST KEY KEYS-----
ecdsa-sha2-nistp256 AAAAE2VjZHNhLXNoYTItbmlzdHAyNTYAAAAIbmlzdHAyNTYAAABBBClmb4fcpiMzs2q7fn56uuzHMOpnHZJTfe/lO1Jyj1VRlzTxKAE1cMnUBwah1YalFEwqN4I1MaFO0tbZ8MM2xX8= root@ubuntu-xenial
ssh-ed25519 AAAAC3NzaC1lZDI1NTE5AAAAID8dO3zWf3qlhf3M/kz2raUoGzEqP9iY4Y/l0di12Xpn root@ubuntu-xenial
ssh-rsa AAAAB3NzaC1yc2EAAAADAQABAAABAQDrYMc4vFxwJ8/sr3fMy4b+nVUvZsM6wNpNEz3AskrEngKHGcCEY1t8f2oJIeZGBdiHu1SqyPaeuFR3Xe7eIKllxaP/VrHjNpBJ9uFCecwT/D98dEpPWvtVwHVrIKFtfPo5/P+xGVj08FzONApITKR+4glDtKW/dEALwcprfHGH3IcYnQZAeq58lrLjC70DgYCewVoEsAQYtqTHyJy6v+4I3uNjc4Qz/9WZ0IgE0gcY+eXRR4Pv8D+vyLa7x5oW1aZElnkM2kVUgUh39Xq+/G93TtjyiX8PWMYVOpPV6Wf2DfnFxLgg4lp4xeVg3EOfJwo3fKK6D2C1Qu7WVJmNXcTh root@ubuntu-xenial
-----END SSH HOST KEY KEYS-----
[    9.913216] cloud-init[1360]: Cloud-init v. 21.1-19-gbad84ad4-0ubuntu1~16.04.2 running 'modules:final' at Thu, 26 Sep 2024 21:29:41 +0000. Up 9.85 seconds.
[    9.913882] cloud-init[1360]: ci-info: no authorized SSH keys fingerprints found for user ubuntu.
[    9.914416] cloud-init[1360]: Cloud-init v. 21.1-19-gbad84ad4-0ubuntu1~16.04.2 finished at Thu, 26 Sep 2024 21:29:41 +0000. Datasource DataSourceNoCloud [seed=/dev/sdb][dsmode=net].  Up 9.91 seconds
[[0;32m  OK  [0m] Started Execute cloud user/final scripts.
[[0;32m  OK  [0m] Reached target Cloud-init target.

Ubuntu 16.04.7 LTS ubuntu-xenial ttyS0

ubuntu-xenial login: [[0;32m  OK  [0m] Closed Load/Save RF Kill Switch Status /dev/rfkill Watch.
[[0;32m  OK  [0m] Stopped target Cloud-init target.
[[0;32m  OK  [0m] Stopped Execute cloud user/final scripts.
[[0;32m  OK  [0m] Stopped Apply the settings specified in cloud-config.
[[0;32m  OK  [0m] Stopped target Cloud-config availability.
[[0;32m  OK  [0m] Stopped target Timers.
[[0;32m  OK  [0m] Stopped Daily apt upgrade and clean activities.
[[0;32m  OK  [0m] Stopped Daily apt download activities.
         Stopping Session 4 of user vagrant.
         Stopping ACPI event daemon...
[[0;32m  OK  [0m] Stopped Message of the Day.
         Stopping User Manager for UID 1000...
[[0;32m  OK  [0m] Stopped target Graphical Interface.
[[0;32m  OK  [0m] Stopped target Multi-User System.
         Stopping System Logging Service...
         Stopping OpenBSD Secure Shell server...
         Stopping Deferred execution scheduler...
         Stopping FUSE filesystem for LXC...
         Stopping LSB: Record successful boot for GRUB...
[[0;32m  OK  [0m] Stopped Wait until snapd is fully seeded.
         Stopping D-Bus System Message Bus...
[[0;32m  OK  [0m] Stopped target Login Prompts.
         Stopping Getty on tty1...
         Stopping Serial Getty on ttyS0...
         Stopping Virtualbox guest utils...
         Stopping LSB: automatic crash report generation...
         Stopping LSB: daemon to balance interrupts for SMP systems...
         Stopping Accounts Service...
         Stopping Authenticate and Authorize Users to Run Privileged Tasks...
[[0;32m  OK  [0m] Stopped Ubuntu Advantage update messaging.
[[0;32m  OK  [0m] Stopped target System Time Synchronized.
         Stopping Unattended Upgrades Shutdown...
         Stopping LSB: Set the CPU Frequency Scaling governor to "ondemand"...
         Stopping Regular background program processing daemon...
         Stopping LXD - container startup/shutdown...
         Stopping LSB: MD monitoring daemon...
[[0;32m  OK  [0m] Stopped Daily Cleanup of Temporary Directories.
[[0;32m  OK  [0m] Unmounted /var/lib/lxcfs.
[[0;32m  OK  [0m] Stopped Accounts Service.
[[0;32m  OK  [0m] Stopped Deferred execution scheduler.
[[0;32m  OK  [0m] Stopped System Logging Service.
[[0;32m  OK  [0m] Stopped Regular background program processing daemon.
[[0;32m  OK  [0m] Stopped ACPI event daemon.
[[0;32m  OK  [0m] Stopped Authenticate and Authorize Users to Run Privileged Tasks.
[[0;32m  OK  [0m] Stopped Getty on tty1.
[[0;32m  OK  [0m] Stopped Serial Getty on ttyS0.
[[0;32m  OK  [0m] Stopped Unattended Upgrades Shutdown.
[[0;32m  OK  [0m] Stopped OpenBSD Secure Shell server.
[[0;32m  OK  [0m] Stopped User Manager for UID 1000.
[[0;32m  OK  [0m] Stopped Session 4 of user vagrant.
[[0;32m  OK  [0m] Stopped D-Bus System Message Bus.
[[0;32m  OK  [0m] Stopped FUSE filesystem for LXC.
[[0;32m  OK  [0m] Stopped LSB: Record successful boot for GRUB.
[[0;32m  OK  [0m] Stopped LSB: automatic crash report generation.
[[0;32m  OK  [0m] Stopped LSB: Set the CPU Frequency Scaling governor to "ondemand".
[[0;32m  OK  [0m] Removed slice User Slice of vagrant.
         Stopping Login Service...
[[0;32m  OK  [0m] Removed slice system-serial\x2dgetty.slice.
[[0;32m  OK  [0m] Stopped /etc/rc.local Compatibility.
         Stopping Permit User Sessions...
[[0;32m  OK  [0m] Removed slice system-getty.slice.
[[0;32m  OK  [0m] Stopped Login Service.
[[0;32m  OK  [0m] Stopped LSB: daemon to balance interrupts for SMP systems.
[[0;32m  OK  [0m] Stopped LXD - container startup/shutdown.
[[0;32m  OK  [0m] Stopped Virtualbox guest utils.
[[0;32m  OK  [0m] Stopped LSB: MD monitoring daemon.
[[0;32m  OK  [0m] Stopped Permit User Sessions.
[[0;32m  OK  [0m] Stopped target Remote File Systems.
         Unmounting /vagrant...
[[0;32m  OK  [0m] Stopped target Basic System.
[[0;32m  OK  [0m] Stopped target Sockets.
[[0;32m  OK  [0m] Closed LXD - unix socket.
[[0;32m  OK  [0m] Closed Socket activation for snappy daemon.
[[0;32m  OK  [0m] Closed Syslog Socket.
[[0;32m  OK  [0m] Closed UUID daemon activation socket.
[[0;32m  OK  [0m] Closed ACPID Listen Socket.
[[0;32m  OK  [0m] Stopped target Paths.
[[0;32m  OK  [0m] Stopped Dispatch Password Requests to Console Directory Watch.
[[0;32m  OK  [0m] Stopped Forward Password Requests to Wall Directory Watch.
[[0;32m  OK  [0m] Stopped ACPI Events Check.
[[0;32m  OK  [0m] Stopped target Slices.
[[0;32m  OK  [0m] Removed slice User and Session Slice.
[[0;32m  OK  [0m] Stopped target User and Group Name Lookups.
[[0;32m  OK  [0m] Closed D-Bus System Message Bus Socket.
[[0;32m  OK  [0m] Stopped target System Initialization.
[[0;32m  OK  [0m] Stopped target Swap.
[[0;32m  OK  [0m] Stopped Create Volatile Files and Directories.
[[0;32m  OK  [0m] Stopped Commit a transient machine-id on disk.
         Stopping Load/Save Random Seed...
[[0;32m  OK  [0m] Stopped target Encrypted Volumes.
[[0;32m  OK  [0m] Unmounted /vagrant.
[[0;32m  OK  [0m] Stopped target Remote File Systems (Pre).
         Stopping Login to default iSCSI targets...
[[0;32m  OK  [0m] Stopped Load/Save Random Seed.
[[0;32m  OK  [0m] Stopped Login to default iSCSI targets.
         Stopping iSCSI initiator daemon (iscsid)...
[[0;32m  OK  [0m] Stopped iSCSI initiator daemon (iscsid).
[[0;32m  OK  [0m] Stopped target Network is Online.
[[0;32m  OK  [0m] Stopped target Network.
[[0;32m  OK  [0m] Stopped Initial cloud-init job (metadata service crawler).
         Stopping Raise network interfaces...
[[0;32m  OK  [0m] Stopped Raise network interfaces.
[[0;32m  OK  [0m] Stopped target Local File Systems.
         Unmounting /run/user/1000...
[[0;32m  OK  [0m] Stopped target Network (Pre).
[[0;32m  OK  [0m] Stopped Initial cloud-init job (pre-networking).
[[0;32m  OK  [0m] Stopped Apply Kernel Variables.
[[0;32m  OK  [0m] Stopped Load Kernel Modules.
[[0;32m  OK  [0m] Unmounted /run/user/1000.
[[0;32m  OK  [0m] Reached target Unmount All Filesystems.
[[0;32m  OK  [0m] Stopped target Local File Systems (Pre).
[[0;32m  OK  [0m] Stopped Remount Root and Kernel File Systems.
[[0;32m  OK  [0m] Stopped Create Static Device Nodes in /dev.
[[0;32m  OK  [0m] Reached target Shutdown.
[  363.339150] reboot: Power down
